#
# A fatal error has been detected by the Java Runtime Environment:
#
#  EXCEPTION_ACCESS_VIOLATION (0xc0000005) at pc=0x6d8f5dcc, pid=4276, tid=3220
#
# JRE version: 6.0_17-b04
# Java VM: Java HotSpot(TM) Client VM (14.3-b01 mixed mode, sharing windows-x86 )
# Problematic frame:
# V  [jvm.dll+0xf5dcc]
#
# If you would like to submit a bug report, please visit:
#   http://java.sun.com/webapps/bugreport/crash.jsp
#

---------------  T H R E A D  ---------------

Current thread (0x0448e800):  JavaThread "Java2D Disposer" daemon [_thread_in_vm, id=3220, stack(0x04790000,0x047e0000)]

siginfo: ExceptionCode=0xc0000005, reading address 0x00000000

Registers:
EAX=0x044fd350, EBX=0x00000000, ECX=0x00000000, EDX=0x047df6a8
ESP=0x047df698, EBP=0x047df774, ESI=0x0440f908, EDI=0x0448e800
EIP=0x6d8f5dcc, EFLAGS=0x00010203

Top of Stack: (sp=0x047df698)
0x047df698:   0448e800 0448e910 0449efdc 6d8ed01d
0x047df6a8:   044fd350 047df7e8 047df6c8 047df6e0
0x047df6b8:   0448e800 047df7a8 6d8f5be5 047df7e8
0x047df6c8:   044fd350 047df6e0 0448e800 044900d0
0x047df6d8:   0448e800 0448e910 044fd350 00000000
0x047df6e8:   04af9dd8 0448e800 2c2bafc0 044fd350
0x047df6f8:   00000000 000002a4 00000000 75fe98b4
0x047df708:   ed95b488 043e0120 75fe97e0 043e8500 

Instructions: (pc=0x6d8f5dcc)
0x6d8f5dbc:   01 8b 4d b0 8b 55 a4 8b 45 f4 89 04 8a ff 45 b0
0x6d8f5dcc:   8b 03 8b 48 08 0f b7 51 26 8b 40 0c 8b 4c 90 20 


Stack: [0x04790000,0x047e0000],  sp=0x047df698,  free space=317k
Native frames: (J=compiled Java code, j=interpreted, Vv=VM code, C=native code)
V  [jvm.dll+0xf5dcc]
V  [jvm.dll+0xf8c27]
C  [awt.dll+0x6c54c]
j  java.awt.Cursor.finalizeImpl(J)V+0
j  java.awt.Cursor.access$000(J)V+1
j  java.awt.Cursor$CursorDisposer.dispose()V+13
j  sun.java2d.Disposer.run()V+26
j  java.lang.Thread.run()V+11
v  ~StubRoutines::call_stub
V  [jvm.dll+0xecf9c]
V  [jvm.dll+0x1741d1]
V  [jvm.dll+0xed167]
V  [jvm.dll+0xed1dd]
V  [jvm.dll+0x116290]
V  [jvm.dll+0x1d0414]
V  [jvm.dll+0x173e4c]
C  [msvcr71.dll+0x9565]
C  [kernel32.dll+0x4d0e9]
C  [ntdll.dll+0x419bb]
C  [ntdll.dll+0x4198e]

Java frames: (J=compiled Java code, j=interpreted, Vv=VM code)
j  java.awt.Cursor.finalizeImpl(J)V+0
j  java.awt.Cursor.access$000(J)V+1
j  java.awt.Cursor$CursorDisposer.dispose()V+13
j  sun.java2d.Disposer.run()V+26
j  java.lang.Thread.run()V+11
v  ~StubRoutines::call_stub

---------------  P R O C E S S  ---------------

Java Threads: ( => current thread )
  0x043ff800 JavaThread "Thread-2" daemon [_thread_in_native, id=3912, stack(0x05990000,0x059e0000)]
  0x043ff000 JavaThread "SwingWorker-pool-1-thread-3" [_thread_blocked, id=2848, stack(0x05940000,0x05990000)]
  0x043fe000 JavaThread "SwingWorker-pool-1-thread-2" [_thread_blocked, id=3228, stack(0x05470000,0x054c0000)]
  0x043fd800 JavaThread "SwingWorker-pool-1-thread-1" [_thread_blocked, id=5980, stack(0x05420000,0x05470000)]
  0x043fd400 JavaThread "TimerQueue" daemon [_thread_blocked, id=1720, stack(0x07ba0000,0x07bf0000)]
  0x021a9400 JavaThread "DestroyJavaVM" [_thread_blocked, id=532, stack(0x01410000,0x01460000)]
  0x04990400 JavaThread "AWT-EventQueue-0" [_thread_blocked, id=4592, stack(0x04d00000,0x04d50000)]
  0x0498fc00 JavaThread "AWT-Windows" daemon [_thread_blocked, id=4676, stack(0x04cb0000,0x04d00000)]
  0x0448ec00 JavaThread "AWT-Shutdown" [_thread_blocked, id=3556, stack(0x04c60000,0x04cb0000)]
=>0x0448e800 JavaThread "Java2D Disposer" daemon [_thread_in_vm, id=3220, stack(0x04790000,0x047e0000)]
  0x044e6c00 JavaThread "derby.rawStoreDaemon" daemon [_thread_blocked, id=4040, stack(0x04630000,0x04680000)]
  0x043f1000 JavaThread "Timer-0" daemon [_thread_blocked, id=2096, stack(0x045e0000,0x04630000)]
  0x043fa400 JavaThread "derby.antiGC" daemon [_thread_blocked, id=5480, stack(0x04590000,0x045e0000)]
  0x02086c00 JavaThread "Low Memory Detector" daemon [_thread_blocked, id=844, stack(0x042f0000,0x04340000)]
  0x02082000 JavaThread "CompilerThread0" daemon [_thread_blocked, id=3096, stack(0x042a0000,0x042f0000)]
  0x02081000 JavaThread "Attach Listener" daemon [_thread_blocked, id=5720, stack(0x04250000,0x042a0000)]
  0x02078800 JavaThread "Signal Dispatcher" daemon [_thread_blocked, id=5000, stack(0x04200000,0x04250000)]
  0x02033400 JavaThread "Finalizer" daemon [_thread_blocked, id=4088, stack(0x041b0000,0x04200000)]
  0x02032000 JavaThread "Reference Handler" daemon [_thread_blocked, id=4488, stack(0x02150000,0x021a0000)]

Other Threads:
  0x02030800 VMThread [stack: 0x02100000,0x02150000] [id=4000]
  0x02088400 WatcherThread [stack: 0x04340000,0x04390000] [id=504]

VM state:synchronizing (normal execution)

VM Mutex/Monitor currently owned by a thread:  ([mutex/lock_event])
[0x021a77b8] Threads_lock - owner thread: 0x02030800

Heap
 def new generation   total 960K, used 36K [0x24180000, 0x24280000, 0x24660000)
  eden space 896K,   1% used [0x24180000, 0x24183958, 0x24260000)
  from space 64K,  35% used [0x24270000, 0x24275a18, 0x24280000)
  to   space 64K,   0% used [0x24260000, 0x24260000, 0x24270000)
 tenured generation   total 6512K, used 6409K [0x24660000, 0x24cbc000, 0x28180000)
   the space 6512K,  98% used [0x24660000, 0x24ca2628, 0x24ca2800, 0x24cbc000)
 compacting perm gen  total 12288K, used 10313K [0x28180000, 0x28d80000, 0x2c180000)
   the space 12288K,  83% used [0x28180000, 0x28b92708, 0x28b92800, 0x28d80000)
    ro space 8192K,  63% used [0x2c180000, 0x2c698b20, 0x2c698c00, 0x2c980000)
    rw space 12288K,  53% used [0x2c980000, 0x2cff5138, 0x2cff5200, 0x2d580000)

Dynamic libraries:
0x00400000 - 0x00424000 	C:\Program Files\Java\jre6\bin\javaw.exe
0x77730000 - 0x77857000 	C:\Windows\system32\ntdll.dll
0x75fa0000 - 0x7607c000 	C:\Windows\system32\kernel32.dll
0x77310000 - 0x773d6000 	C:\Windows\system32\ADVAPI32.dll
0x76230000 - 0x762f3000 	C:\Windows\system32\RPCRT4.dll
0x77190000 - 0x7722d000 	C:\Windows\system32\USER32.dll
0x77410000 - 0x7745b000 	C:\Windows\system32\GDI32.dll
0x763e0000 - 0x763fe000 	C:\Windows\system32\IMM32.DLL
0x77660000 - 0x77728000 	C:\Windows\system32\MSCTF.dll
0x775b0000 - 0x7765a000 	C:\Windows\system32\msvcrt.dll
0x77860000 - 0x77869000 	C:\Windows\system32\LPK.DLL
0x77910000 - 0x7798d000 	C:\Windows\system32\USP10.dll
0x7c340000 - 0x7c396000 	C:\Program Files\Java\jre6\bin\msvcr71.dll
0x6d800000 - 0x6da8b000 	C:\Program Files\Java\jre6\bin\client\jvm.dll
0x73730000 - 0x73762000 	C:\Windows\system32\WINMM.dll
0x77460000 - 0x775a5000 	C:\Windows\system32\ole32.dll
0x77280000 - 0x7730d000 	C:\Windows\system32\OLEAUT32.dll
0x74450000 - 0x7448d000 	C:\Windows\system32\OLEACC.dll
0x75dd0000 - 0x75dfc000 	C:\Windows\system32\apphelp.dll
0x6d7b0000 - 0x6d7bc000 	C:\Program Files\Java\jre6\bin\verify.dll
0x6d330000 - 0x6d34f000 	C:\Program Files\Java\jre6\bin\java.dll
0x6d290000 - 0x6d298000 	C:\Program Files\Java\jre6\bin\hpi.dll
0x75f90000 - 0x75f97000 	C:\Windows\system32\PSAPI.DLL
0x6d7f0000 - 0x6d7ff000 	C:\Program Files\Java\jre6\bin\zip.dll
0x6d560000 - 0x6d569000 	C:\Program Files\Java\jre6\bin\management.dll
0x6d610000 - 0x6d623000 	C:\Program Files\Java\jre6\bin\net.dll
0x773e0000 - 0x7740d000 	C:\Windows\system32\WS2_32.dll
0x77900000 - 0x77906000 	C:\Windows\system32\NSI.dll
0x755f0000 - 0x7562b000 	C:\Windows\system32\mswsock.dll
0x75660000 - 0x75665000 	C:\Windows\System32\wship6.dll
0x6d630000 - 0x6d639000 	C:\Program Files\Java\jre6\bin\nio.dll
0x6d000000 - 0x6d14a000 	C:\Program Files\Java\jre6\bin\awt.dll
0x72be0000 - 0x72c22000 	C:\Windows\system32\WINSPOOL.DRV
0x74d10000 - 0x74eae000 	C:\Windows\WinSxS\x86_microsoft.windows.common-controls_6595b64144ccf1df_6.0.6002.18005_none_5cb72f96088b0de0\comctl32.dll
0x76f10000 - 0x76f69000 	C:\Windows\system32\SHLWAPI.dll
0x712b0000 - 0x712bc000 	C:\Windows\system32\DWMAPI.DLL
0x74490000 - 0x744cf000 	C:\Windows\system32\uxtheme.dll
0x10000000 - 0x10007000 	C:\Users\D.Casciato\AppData\Local\FLVService\lib\FLVSrvLib.dll
0x76400000 - 0x76f10000 	C:\Windows\system32\SHELL32.dll
0x6d230000 - 0x6d284000 	C:\Program Files\Java\jre6\bin\fontmanager.dll

VM Arguments:
jvm_args: -Dfile.encoding=UTF-8 -Xbootclasspath:C:\Program Files\Java\jre6\lib\resources.jar;C:\Program Files\Java\jre6\lib\rt.jar;C:\Program Files\Java\jre6\lib\jsse.jar;C:\Program Files\Java\jre6\lib\jce.jar;C:\Program Files\Java\jre6\lib\charsets.jar 
java_command: org.revager.Main
Launcher Type: SUN_STANDARD

Environment Variables:
CLASSPATH=.;C:\Program Files\Java\jre6\lib\ext\QTJava.zip
PATH=C:/Program Files/Java/jre6/bin/client;C:/Program Files/Java/jre6/bin;C:\Windows\system32;C:\Windows;C:\Windows\System32\Wbem;C:\Program Files\Microsoft SQL Server\90\Tools\binn\;C:\Program Files\ATI Technologies\ATI.ACE\Core-Static;C:\Program Files\Common Files\Roxio Shared\10.0\DLLShared\;C:\Program Files\Common Files\Roxio Shared\DLLShared\;C:\Program Files\Common Files\Roxio Shared\DLLShared\;C:\Program Files\Common Files\Roxio Shared\10.0\DLLShared\;C:\Program Files\Intel\WiFi\bin\;C:\Java\jdk\bin;C:\Program Files\Samsung\Samsung PC Studio 3\;MP_HOME\bin;C:\Program Files\Bazaar;C:\Program Files\QuickTime\QTSystem\;C:\Program Files\Common Files\DivX Shared\;; C:\Java\jdk\bin;C:\Program Files\OpenVPN\bin
USERNAME=D.Casciato
OS=Windows_NT
PROCESSOR_IDENTIFIER=x86 Family 6 Model 15 Stepping 13, GenuineIntel



---------------  S Y S T E M  ---------------

OS: Windows Vista Build 6002 Service Pack 2

CPU:total 2 (2 cores per cpu, 1 threads per core) family 6 model 15 stepping 13, cmov, cx8, fxsr, mmx, sse, sse2, sse3, ssse3

Memory: 4k page, physical 2097151k(1236780k free), swap 4194303k(4194303k free)

vm_info: Java HotSpot(TM) Client VM (14.3-b01) for windows-x86 JRE (1.6.0_17-b04), built on Oct 11 2009 00:52:06 by "java_re" with MS VC++ 7.1

time: Sun Feb 28 21:04:10 2010
elapsed time: 18 seconds

